<?xml version="1.0" encoding="UTF-8" ?>
<testsuite failures="0" time="70.699" errors="0" skipped="0" tests="1" name="junit.framework.TestSuite@95fd19">
  <properties>
    <property name="java.runtime.name" value="Java(TM) SE Runtime Environment"/>
    <property name="sun.boot.library.path" value="/usr/lib/jvm/jdk1.6.0_30/jre/lib/i386"/>
    <property name="java.vm.version" value="20.5-b03"/>
    <property name="java.vm.vendor" value="Sun Microsystems Inc."/>
    <property name="java.vendor.url" value="http://java.sun.com/"/>
    <property name="path.separator" value=":"/>
    <property name="java.vm.name" value="Java HotSpot(TM) Server VM"/>
    <property name="file.encoding.pkg" value="sun.io"/>
    <property name="user.country" value="AR"/>
    <property name="sun.java.launcher" value="SUN_STANDARD"/>
    <property name="sun.os.patch.level" value="unknown"/>
    <property name="surefire.reports" value="/home/atesti/git/standard-erp/kratos/kratos-core/target/surefire-reports"/>
    <property name="java.vm.specification.name" value="Java Virtual Machine Specification"/>
    <property name="user.dir" value="/home/atesti/git/standard-erp/kratos/kratos-core"/>
    <property name="java.runtime.version" value="1.6.0_30-b12"/>
    <property name="org.mortbay.log.class" value="com.google.gwt.dev.shell.jetty.JettyNullLogger"/>
    <property name="java.awt.graphicsenv" value="sun.awt.X11GraphicsEnvironment"/>
    <property name="java.endorsed.dirs" value="/usr/lib/jvm/jdk1.6.0_30/jre/lib/endorsed"/>
    <property name="os.arch" value="i386"/>
    <property name="java.io.tmpdir" value="/tmp"/>
    <property name="line.separator" value="
"/>
    <property name="java.vm.specification.vendor" value="Sun Microsystems Inc."/>
    <property name="os.name" value="Linux"/>
    <property name="sun.jnu.encoding" value="UTF-8"/>
    <property name="java.library.path" value="/usr/lib/jvm/jdk1.6.0_30/jre/lib/i386/server:/usr/lib/jvm/jdk1.6.0_30/jre/lib/i386:/usr/lib/jvm/jdk1.6.0_30/jre/../lib/i386:/usr/java/packages/lib/i386:/lib:/usr/lib"/>
    <property name="gwt.args" value="-out target/www-test -XdisableUpdateCheck -runStyle Manual:1 "/>
    <property name="java.specification.name" value="Java Platform API Specification"/>
    <property name="java.class.version" value="50.0"/>
    <property name="sun.management.compiler" value="HotSpot Tiered Compilers"/>
    <property name="os.version" value="3.2.0-24-generic-pae"/>
    <property name="user.home" value="/home/atesti"/>
    <property name="user.timezone" value="America/Argentina/Buenos_Aires"/>
    <property name="java.awt.printerjob" value="sun.print.PSPrinterJob"/>
    <property name="file.encoding" value="UTF-8"/>
    <property name="java.specification.version" value="1.6"/>
    <property name="org.mortbay.xml.XmlParser.Validating" value="false"/>
    <property name="user.name" value="atesti"/>
    <property name="java.class.path" value="/home/atesti/git/standard-erp/kratos/kratos-core/target/kratos-core-1.0-SNAPSHOT/WEB-INF/classes:/home/atesti/git/standard-erp/kratos/kratos-core/src/main/java:/home/atesti/git/standard-erp/kratos/kratos-core/src/main/resources:/home/atesti/git/standard-erp/kratos/kratos-core/src/test/java:/home/atesti/git/standard-erp/kratos/kratos-core/src/test/resources:/home/atesti/git/standard-erp/kratos/kratos-core/target/test-classes:/home/atesti/.m2/repository/com/google/gwt/gwt-servlet/2.5.0-rc1/gwt-servlet-2.5.0-rc1.jar:/home/atesti/.m2/repository/com/google/gwt/gwt-user/2.5.0-rc1/gwt-user-2.5.0-rc1.jar:/home/atesti/.m2/repository/org/json/json/20090211/json-20090211.jar:/home/atesti/.m2/repository/junit/junit/4.7/junit-4.7.jar:/home/atesti/.m2/repository/javax/validation/validation-api/1.0.0.GA/validation-api-1.0.0.GA.jar:/home/atesti/.m2/repository/javax/validation/validation-api/1.0.0.GA/validation-api-1.0.0.GA-sources.jar:/home/atesti/.m2/repository/org/codehaus/mojo/gwt-maven-plugin/2.5.0-rc1/gwt-maven-plugin-2.5.0-rc1.jar:/home/atesti/.m2/repository/org/apache/maven/surefire/surefire-api/2.4.3/surefire-api-2.4.3.jar:/home/atesti/.m2/repository/com/google/gwt/gwt-dev/2.5.0-rc1/gwt-dev-2.5.0-rc1.jar"/>
    <property name="build.compiler" value="org.eclipse.jdt.core.JDTCompilerAdapter"/>
    <property name="java.vm.specification.version" value="1.0"/>
    <property name="sun.arch.data.model" value="32"/>
    <property name="java.home" value="/usr/lib/jvm/jdk1.6.0_30/jre"/>
    <property name="sun.java.command" value="org.codehaus.mojo.gwt.test.MavenTestRunner com.logikas.kratos.client.GwtTestKratosCore"/>
    <property name="java.specification.vendor" value="Sun Microsystems Inc."/>
    <property name="user.language" value="es"/>
    <property name="java.vm.info" value="mixed mode"/>
    <property name="java.version" value="1.6.0_30"/>
    <property name="java.ext.dirs" value="/usr/lib/jvm/jdk1.6.0_30/jre/lib/ext:/usr/java/packages/lib/ext"/>
    <property name="sun.boot.class.path" value="/usr/lib/jvm/jdk1.6.0_30/jre/lib/resources.jar:/usr/lib/jvm/jdk1.6.0_30/jre/lib/rt.jar:/usr/lib/jvm/jdk1.6.0_30/jre/lib/sunrsasign.jar:/usr/lib/jvm/jdk1.6.0_30/jre/lib/jsse.jar:/usr/lib/jvm/jdk1.6.0_30/jre/lib/jce.jar:/usr/lib/jvm/jdk1.6.0_30/jre/lib/charsets.jar:/usr/lib/jvm/jdk1.6.0_30/jre/lib/modules/jdk.boot.jar:/usr/lib/jvm/jdk1.6.0_30/jre/classes"/>
    <property name="java.vendor" value="Sun Microsystems Inc."/>
    <property name="file.separator" value="/"/>
    <property name="java.vendor.url.bug" value="http://java.sun.com/cgi-bin/bugreport.cgi"/>
    <property name="sun.cpu.endian" value="little"/>
    <property name="sun.io.unicode.encoding" value="UnicodeLittle"/>
    <property name="sun.desktop" value="gnome"/>
    <property name="sun.cpu.isalist" value=""/>
  </properties>
  <testcase time="70.696" classname="com.logikas.kratos.client.GwtTestKratosCore" name="testGreetingService"/>
</testsuite>